This is pdfTeX, Version 3.141592653-2.6-1.40.24 (MiKTeX 22.3) (preloaded format=pdflatex 2022.6.9)  9 JUN 2022 16:05
entering extended mode
 restricted \write18 enabled.
 %&-line parsing enabled.
**./main.tex
(main.tex
LaTeX2e <2021-11-15> patch level 1
L3 programming layer <2022-05-04>
(C:\Users\57304\AppData\Local\Programs\MiKTeX\tex/latex/base\report.cls
Document Class: report 2021/10/04 v1.4n Standard LaTeX document class
(C:\Users\57304\AppData\Local\Programs\MiKTeX\tex/latex/base\size10.clo
File: size10.clo 2021/10/04 v1.4n Standard LaTeX file (size option)
)
\c@part=\count185
\c@chapter=\count186
\c@section=\count187
\c@subsection=\count188
\c@subsubsection=\count189
\c@paragraph=\count190
\c@subparagraph=\count191
\c@figure=\count192
\c@table=\count193
\abovecaptionskip=\skip47
\belowcaptionskip=\skip48
\bibindent=\dimen138
)
(C:\Users\57304\AppData\Local\Programs\MiKTeX\tex/latex/l3backend\l3backend-pdf
tex.def
File: l3backend-pdftex.def 2022-04-20 L3 backend support: PDF output (pdfTeX)
\l__color_backend_stack_int=\count194
\l__pdf_internal_box=\box50
) (C:\Users\57304\Documents\Thesis\Document\Thesis\build\main.aux
(C:\Users\57304\Documents\Thesis\Document\Thesis\build\abstract.aux)
(C:\Users\57304\Documents\Thesis\Document\Thesis\build\acknowledgments.aux)
(C:\Users\57304\Documents\Thesis\Document\Thesis\build\introduction.aux)
(C:\Users\57304\Documents\Thesis\Document\Thesis\build\literatureReview.aux)
(C:\Users\57304\Documents\Thesis\Document\Thesis\build\methodology.aux)
(C:\Users\57304\Documents\Thesis\Document\Thesis\build\results.aux)
(C:\Users\57304\Documents\Thesis\Document\Thesis\build\discussion.aux)
(C:\Users\57304\Documents\Thesis\Document\Thesis\build\conclusions.aux))
\openout1 = `main.aux'.

LaTeX Font Info:    Checking defaults for OML/cmm/m/it on input line 8.
LaTeX Font Info:    ... okay on input line 8.
LaTeX Font Info:    Checking defaults for OMS/cmsy/m/n on input line 8.
LaTeX Font Info:    ... okay on input line 8.
LaTeX Font Info:    Checking defaults for OT1/cmr/m/n on input line 8.
LaTeX Font Info:    ... okay on input line 8.
LaTeX Font Info:    Checking defaults for T1/cmr/m/n on input line 8.
LaTeX Font Info:    ... okay on input line 8.
LaTeX Font Info:    Checking defaults for TS1/cmr/m/n on input line 8.
LaTeX Font Info:    ... okay on input line 8.
LaTeX Font Info:    Checking defaults for OMX/cmex/m/n on input line 8.
LaTeX Font Info:    ... okay on input line 8.
LaTeX Font Info:    Checking defaults for U/cmr/m/n on input line 8.
LaTeX Font Info:    ... okay on input line 8.
LaTeX Font Info:    External font `cmex10' loaded for size
(Font)              <12> on input line 10.
LaTeX Font Info:    External font `cmex10' loaded for size
(Font)              <8> on input line 10.
LaTeX Font Info:    External font `cmex10' loaded for size
(Font)              <6> on input line 10.

[1

{C:/Users/57304/AppData/Local/MiKTeX/fonts/map/pdftex/pdftex.map}]
\openout2 = `abstract.aux'.


(abstract.tex) [1


]
\openout2 = `acknowledgments.aux'.

 (acknowledgments.tex) [2




]
(C:\Users\57304\Documents\Thesis\Document\Thesis\build\main.toc)
\tf@toc=\write3
\openout3 = `main.toc'.

 [3



]
\openout2 = `introduction.aux'.


(introduction.tex
Chapter 1.
) [4


]
\openout2 = `literatureReview.aux'.

 (literatureReview.tex
Chapter 2.
) [5




]
\openout2 = `methodology.aux'.

 (methodology.tex
Chapter 3.
) [6




]
\openout2 = `results.aux'.

 (results.tex
Chapter 4.
) [7




]
\openout2 = `discussion.aux'.

 (discussion.tex
Chapter 5.
) [8




]
\openout2 = `conclusions.aux'.

 (conclusions.tex
Chapter 6.
) [9




] (C:\Users\57304\Documents\Thesis\Document\Thesis\build\main.aux
(C:\Users\57304\Documents\Thesis\Document\Thesis\build\abstract.aux)
(C:\Users\57304\Documents\Thesis\Document\Thesis\build\acknowledgments.aux)
(C:\Users\57304\Documents\Thesis\Document\Thesis\build\introduction.aux)
(C:\Users\57304\Documents\Thesis\Document\Thesis\build\literatureReview.aux)
(C:\Users\57304\Documents\Thesis\Document\Thesis\build\methodology.aux)
(C:\Users\57304\Documents\Thesis\Document\Thesis\build\results.aux)
(C:\Users\57304\Documents\Thesis\Document\Thesis\build\discussion.aux)
(C:\Users\57304\Documents\Thesis\Document\Thesis\build\conclusions.aux)) ) 
Here is how much of TeX's memory you used:
 701 strings out of 478599
 17889 string characters out of 2842526
 299703 words of memory out of 3000000
 18874 multiletter control sequences out of 15000+600000
 473814 words of font info for 43 fonts, out of 8000000 for 9000
 1141 hyphenation exceptions out of 8191
 34i,6n,38p,169b,183s stack positions out of 10000i,1000n,20000p,200000b,80000s
<C:/U
sers/57304/AppData/Local/Programs/MiKTeX/fonts/type1/public/amsfonts/cm/cmbx10.
pfb><C:/Users/57304/AppData/Local/Programs/MiKTeX/fonts/type1/public/amsfonts/c
m/cmbx12.pfb><C:/Users/57304/AppData/Local/Programs/MiKTeX/fonts/type1/public/a
msfonts/cm/cmr10.pfb><C:/Users/57304/AppData/Local/Programs/MiKTeX/fonts/type1/
public/amsfonts/cm/cmr12.pfb><C:/Users/57304/AppData/Local/Programs/MiKTeX/font
s/type1/public/amsfonts/cm/cmr17.pfb>
Output written on C:\Users\57304\Documents\Thesis\Document\Thesis\build\main.pd
f (10 pages, 73064 bytes).
PDF statistics:
 60 PDF objects out of 1000 (max. 8388607)
 0 named destinations out of 1000 (max. 500000)
 1 words of extra memory for PDF output out of 10000 (max. 10000000)

